 2023-10-09_01-35-03 - INFO - Websocket connected
 2023-10-09_01-35-03 - INFO - this is the stream arriving into the log
 2023-10-09_01-35-03 - INFO - program is working as expected.
 2023-10-09_01-35-03 - INFO - program is working as expected.
 2023-10-09_01-35-04 - INFO - program is working as expected.
 2023-10-09_01-35-04 - INFO - program is working as expected.
 2023-10-09_01-35-04 - INFO - program is working as expected.
 2023-10-09_01-35-04 - INFO - program is working as expected.
 2023-10-09_01-35-04 - INFO - program is working as expected.
 2023-10-09_01-35-05 - INFO - program is working as expected.
 2023-10-09_01-35-05 - INFO - program is working as expected.
 2023-10-09_01-35-05 - INFO - program is working as expected.
 2023-10-09_01-35-05 - INFO - program is working as expected.
 2023-10-09_01-35-05 - INFO - program is working as expected.
 2023-10-09_01-35-05 - INFO - program is working as expected.
 2023-10-09_01-35-05 - INFO - program is working as expected.
 2023-10-09_01-35-05 - INFO - program is working as expected.
 2023-10-09_01-35-06 - INFO - program is working as expected.
 2023-10-09_01-35-06 - INFO - program is working as expected.
 2023-10-09_01-35-07 - INFO - program is working as expected.
 2023-10-09_01-35-07 - INFO - program is working as expected.
 2023-10-09_01-35-08 - INFO - program is working as expected.
 2023-10-09_01-35-08 - INFO - program is working as expected.
 2023-10-09_01-35-08 - INFO - program is working as expected.
 2023-10-09_01-35-09 - INFO - program is working as expected.
 2023-10-09_01-35-10 - INFO - program is working as expected.
 2023-10-09_01-35-10 - INFO - program is working as expected.
 2023-10-09_01-35-10 - INFO - program is working as expected.
 2023-10-09_01-35-11 - INFO - program is working as expected.
 2023-10-09_01-35-11 - INFO - program is working as expected.
 2023-10-09_01-35-11 - INFO - program is working as expected.
 2023-10-09_01-35-11 - INFO - program is working as expected.
 2023-10-09_01-35-11 - INFO - program is working as expected.
 2023-10-09_01-35-12 - INFO - program is working as expected.
 2023-10-09_01-35-12 - INFO - program is working as expected.
 2023-10-09_01-35-12 - INFO - program is working as expected.
 2023-10-09_01-35-13 - INFO - program is working as expected.
 2023-10-09_01-35-14 - INFO - program is working as expected.
 2023-10-09_01-35-15 - INFO - program is working as expected.
 2023-10-09_01-35-15 - INFO - program is working as expected.
 2023-10-09_01-35-16 - INFO - program is working as expected.
 2023-10-09_01-35-16 - INFO - program is working as expected.
 2023-10-09_01-35-16 - INFO - program is working as expected.
 2023-10-09_01-35-19 - INFO - program is working as expected.
 2023-10-09_01-35-19 - INFO - program is working as expected.
 2023-10-09_01-35-19 - INFO - program is working as expected.
 2023-10-09_01-35-20 - INFO - program is working as expected.
 2023-10-09_01-35-20 - INFO - program is working as expected.
 2023-10-09_01-35-20 - INFO - program is working as expected.
 2023-10-09_01-35-20 - INFO - program is working as expected.
 2023-10-09_01-35-20 - INFO - program is working as expected.
 2023-10-09_01-35-20 - INFO - program is working as expected.
 2023-10-09_01-35-20 - INFO - program is working as expected.
 2023-10-09_01-35-20 - INFO - program is working as expected.
 2023-10-09_01-35-20 - INFO - program is working as expected.
 2023-10-09_01-35-20 - INFO - program is working as expected.
 2023-10-09_01-35-21 - INFO - program is working as expected.
 2023-10-09_01-35-21 - INFO - program is working as expected.
 2023-10-09_01-35-21 - INFO - program is working as expected.
 2023-10-09_01-35-22 - INFO - program is working as expected.
 2023-10-09_01-35-22 - INFO - program is working as expected.
 2023-10-09_01-35-23 - ERROR - The program encountered an error
 2023-10-09_01-35-23 - WARNING - Warning, the program may not function properly
 2023-10-09_01-35-23 - CRITICAL - the connection was lost
 2023-10-09_01-35-23 - INFO - tearing down on exception 
 2023-10-09_01-35-23 - INFO - [31m[1mWARNING: This is a development server. Do not use it in a production deployment. Use a production WSGI server instead.[0m
 * Running on all addresses (0.0.0.0)
 * Running on http://127.0.0.1:50100
 * Running on http://192.168.29.57:50100
 2023-10-09_01-35-23 - INFO - [33mPress CTRL+C to quit[0m
 2023-10-09_01-35-23 - INFO -  * Restarting with stat
 2023-10-09_01-36-09 - INFO - Websocket connected
 2023-10-09_01-36-09 - INFO - this is the stream arriving into the log
 2023-10-09_01-36-10 - INFO - program is working as expected.
 2023-10-09_01-36-10 - INFO - 23
 2023-10-09_01-36-11 - INFO - program is working as expected.
 2023-10-09_01-36-11 - INFO - 168
 2023-10-09_01-36-11 - INFO - program is working as expected.
 2023-10-09_01-36-11 - INFO - 168
 2023-10-09_01-36-11 - INFO - program is working as expected.
 2023-10-09_01-36-11 - INFO - 168
 2023-10-09_01-36-11 - INFO - program is working as expected.
 2023-10-09_01-36-11 - INFO - 169
 2023-10-09_01-36-11 - INFO - program is working as expected.
 2023-10-09_01-36-11 - INFO - 168
 2023-10-09_01-36-11 - INFO - program is working as expected.
 2023-10-09_01-36-11 - INFO - 168
 2023-10-09_01-36-11 - INFO - program is working as expected.
 2023-10-09_01-36-11 - INFO - 168
 2023-10-09_01-36-11 - INFO - program is working as expected.
 2023-10-09_01-36-11 - INFO - 168
 2023-10-09_01-36-11 - INFO - program is working as expected.
 2023-10-09_01-36-11 - INFO - 168
 2023-10-09_01-36-11 - INFO - program is working as expected.
 2023-10-09_01-36-11 - INFO - 168
 2023-10-09_01-36-12 - INFO - program is working as expected.
 2023-10-09_01-36-12 - INFO - 168
 2023-10-09_01-36-12 - INFO - program is working as expected.
 2023-10-09_01-36-12 - INFO - 169
 2023-10-09_01-36-13 - INFO - program is working as expected.
 2023-10-09_01-36-13 - INFO - 168
 2023-10-09_01-36-13 - INFO - program is working as expected.
 2023-10-09_01-36-13 - INFO - 168
 2023-10-09_01-36-13 - INFO - program is working as expected.
 2023-10-09_01-36-13 - INFO - 169
 2023-10-09_01-36-16 - INFO - program is working as expected.
 2023-10-09_01-36-16 - INFO - 168
 2023-10-09_01-36-16 - INFO - program is working as expected.
 2023-10-09_01-36-16 - INFO - 168
 2023-10-09_01-36-16 - INFO - program is working as expected.
 2023-10-09_01-36-16 - INFO - 168
 2023-10-09_01-36-17 - INFO - program is working as expected.
 2023-10-09_01-36-17 - INFO - 168
 2023-10-09_01-36-18 - INFO - program is working as expected.
 2023-10-09_01-36-18 - INFO - 169
 2023-10-09_01-36-18 - INFO - program is working as expected.
 2023-10-09_01-36-18 - INFO - 168
 2023-10-09_01-36-18 - INFO - program is working as expected.
 2023-10-09_01-36-18 - INFO - 169
 2023-10-09_01-36-18 - INFO - program is working as expected.
 2023-10-09_01-36-18 - INFO - 168
 2023-10-09_01-36-19 - INFO - program is working as expected.
 2023-10-09_01-36-19 - INFO - 169
 2023-10-09_01-36-19 - INFO - program is working as expected.
 2023-10-09_01-36-19 - INFO - 169
 2023-10-09_01-36-20 - INFO - program is working as expected.
 2023-10-09_01-36-20 - INFO - 169
 2023-10-09_01-36-21 - ERROR - The program encountered an error
 2023-10-09_01-36-21 - WARNING - Warning, the program may not function properly
 2023-10-09_01-36-21 - CRITICAL - the connection was lost
 2023-10-09_01-36-21 - INFO - tearing down on exception 
 2023-10-09_01-36-21 - INFO - [31m[1mWARNING: This is a development server. Do not use it in a production deployment. Use a production WSGI server instead.[0m
 * Running on all addresses (0.0.0.0)
 * Running on http://127.0.0.1:50100
 * Running on http://192.168.29.57:50100
 2023-10-09_01-36-21 - INFO - [33mPress CTRL+C to quit[0m
 2023-10-09_01-36-21 - INFO -  * Restarting with stat
 2023-10-09_01-36-22 - ERROR - The program encountered an error
 2023-10-09_01-36-22 - WARNING - Warning, the program may not function properly
 2023-10-09_01-36-22 - CRITICAL - the connection was lost
 2023-10-09_01-36-22 - INFO - tearing down on exception 
 2023-10-09_01-36-22 - WARNING -  * Debugger is active!
 2023-10-09_01-36-22 - INFO -  * Debugger PIN: 366-986-386
