2023-10-12 10:35:50,768 - 768 - ERROR - The program encountered an error
2023-10-12 10:35:50,768 - 768 - ERROR - 2023-10-12_10-35-50 - 
2023-10-12_10-35-50 - 
2023-10-12 10:35:51,064 - 64 - CRITICAL - the connection was lost
2023-10-12 10:35:51,079 - 79 - CRITICAL - 2023-10-12_10-35-51 - Critical error: None
2023-10-12 10:45:59,198 - 198 - ERROR - The program encountered an error
2023-10-12 10:45:59,213 - 213 - ERROR - 2023-10-12_10-45-59 - 
2023-10-12_10-45-59 - 
2023-10-12 10:45:59,489 - 489 - CRITICAL - the connection was lost
2023-10-12 10:45:59,489 - 489 - CRITICAL - 2023-10-12_10-45-59 - Critical error: None
2023-10-12_11-12-17 - Connection to remote host was lost.
2023-10-12_11-14-15 - 
2023-10-12_11-25-42 - Connection to remote host was lost.
2023-10-12_11-26-32 - 
2023-10-12_11-28-40 - 
2023-10-12_12-55-54 - 
2023-10-12_13-02-05 - 
2023-10-12_13-02-33 - 
2023-10-12_13-02-48 - 
2023-10-12_13-03-07 - 
2023-10-12_13-12-40 - 
2023-10-12_13-24-06 - 
2023-10-12_18-53-13 - 
2023-10-12_19-11-31 - 
2023-10-13_18-13-27 - 
2023-10-13_18-13-33 - 
2023-10-13_20-11-27 - 
2023-10-13_20-14-48 - 
2023-10-13_20-33-54 - 
2023-10-13_20-33-55 - 
2023-10-13_20-37-40 - 
2023-10-13_20-37-56 - 
2023-10-14_14-33-22 - 
2023-10-14_21-25-57 - 
2023-10-14_21-46-46 - 
2023-10-14_21-46-46 - 'WebSocketApp' object has no attribute 'close_code'
2023-10-16_00-23-50 - 
2023-10-16_00-23-50 - 'WebSocketApp' object has no attribute 'close_code'
2023-10-16_00-24-43 - 
2023-10-16_00-24-43 - 'WebSocketApp' object has no attribute 'close_code'
2023-10-16_00-25-54 - 
2023-10-16_00-25-54 - 'WebSocketApp' object has no attribute 'close_code'
2023-10-16_01-50-20 - 
2023-10-16_01-50-20 - 'WebSocketApp' object has no attribute 'close_code'
2023-10-16_01-53-23 - 
2023-10-16_01-53-23 - 'WebSocketApp' object has no attribute 'close_code'
2023-10-16_01-55-42 - 
2023-10-16_01-55-42 - 'WebSocketApp' object has no attribute 'close_code'
2023-10-16_01-58-43 - 
2023-10-16_02-05-48 - 
2023-10-16_02-05-49 - 
2023-10-16_02-11-22 - 
2023-10-16_02-24-30 - 
2023-10-16_02-24-35 - 
2023-10-16_02-38-21 - 
2023-10-16_02-44-55 - 
2023-10-16_02-45-16 - 
2023-10-16_02-45-23 - 
