 2023-10-05 17:50:58,752 - INFO - Websocket connected
 2023-10-05 17:50:58,753 - DEBUG - this is the stream arriving into the log
 2023-10-05 17:50:58,951 - INFO - program is working as expected.
 2023-10-05 17:50:58,986 - INFO - program is working as expected.
 2023-10-05 17:50:59,607 - INFO - program is working as expected.
 2023-10-05 17:50:59,607 - INFO - program is working as expected.
 2023-10-05 17:50:59,618 - INFO - program is working as expected.
 2023-10-05 17:50:59,621 - INFO - program is working as expected.
 2023-10-05 17:50:59,624 - INFO - program is working as expected.
 2023-10-05 17:50:59,634 - INFO - program is working as expected.
 2023-10-05 17:50:59,638 - INFO - program is working as expected.
 2023-10-05 17:50:59,642 - INFO - program is working as expected.
 2023-10-05 17:50:59,642 - INFO - program is working as expected.
 2023-10-05 17:50:59,650 - INFO - program is working as expected.
 2023-10-05 17:50:59,653 - INFO - program is working as expected.
 2023-10-05 17:50:59,657 - INFO - program is working as expected.
 2023-10-05 17:50:59,659 - INFO - program is working as expected.
 2023-10-05 17:50:59,659 - INFO - program is working as expected.
 2023-10-05 17:50:59,667 - INFO - program is working as expected.
 2023-10-05 17:50:59,669 - INFO - program is working as expected.
 2023-10-05 17:50:59,671 - INFO - program is working as expected.
 2023-10-05 17:50:59,671 - INFO - program is working as expected.
 2023-10-05 17:50:59,671 - INFO - program is working as expected.
 2023-10-05 17:50:59,671 - INFO - program is working as expected.
 2023-10-05 17:50:59,671 - INFO - program is working as expected.
 2023-10-05 17:50:59,671 - INFO - program is working as expected.
 2023-10-05 17:50:59,671 - INFO - program is working as expected.
 2023-10-05 17:50:59,683 - INFO - program is working as expected.
 2023-10-05 17:50:59,684 - INFO - program is working as expected.
 2023-10-05 17:50:59,686 - INFO - program is working as expected.
 2023-10-05 17:50:59,687 - INFO - program is working as expected.
 2023-10-05 17:50:59,687 - INFO - program is working as expected.
 2023-10-05 17:50:59,687 - INFO - program is working as expected.
 2023-10-05 17:50:59,687 - INFO - program is working as expected.
 2023-10-05 17:50:59,687 - INFO - program is working as expected.
 2023-10-05 17:50:59,687 - INFO - program is working as expected.
 2023-10-05 17:50:59,751 - INFO - program is working as expected.
 2023-10-05 17:50:59,752 - INFO - program is working as expected.
 2023-10-05 17:50:59,752 - INFO - program is working as expected.
 2023-10-05 17:50:59,752 - INFO - program is working as expected.
 2023-10-05 17:50:59,752 - INFO - program is working as expected.
 2023-10-05 17:50:59,752 - INFO - program is working as expected.
 2023-10-05 17:50:59,752 - INFO - program is working as expected.
 2023-10-05 17:50:59,752 - INFO - program is working as expected.
 2023-10-05 17:50:59,752 - INFO - program is working as expected.
 2023-10-05 17:50:59,752 - INFO - program is working as expected.
 2023-10-05 17:50:59,752 - INFO - program is working as expected.
 2023-10-05 17:50:59,752 - INFO - program is working as expected.
 2023-10-05 17:50:59,752 - INFO - program is working as expected.
 2023-10-05 17:50:59,752 - INFO - program is working as expected.
 2023-10-05 17:50:59,752 - INFO - program is working as expected.
 2023-10-05 17:50:59,752 - INFO - program is working as expected.
 2023-10-05 17:50:59,752 - INFO - program is working as expected.
 2023-10-05 17:50:59,752 - INFO - program is working as expected.
 2023-10-05 17:50:59,752 - INFO - program is working as expected.
 2023-10-05 17:50:59,752 - INFO - program is working as expected.
 2023-10-05 17:50:59,752 - INFO - program is working as expected.
 2023-10-05 17:50:59,752 - INFO - program is working as expected.
 2023-10-05 17:50:59,752 - INFO - program is working as expected.
 2023-10-05 17:50:59,752 - INFO - program is working as expected.
 2023-10-05 17:50:59,752 - INFO - program is working as expected.
 2023-10-05 17:50:59,752 - INFO - program is working as expected.
 2023-10-05 17:50:59,752 - INFO - program is working as expected.
 2023-10-05 17:50:59,752 - INFO - program is working as expected.
 2023-10-05 17:50:59,766 - INFO - program is working as expected.
 2023-10-05 17:50:59,767 - INFO - program is working as expected.
 2023-10-05 17:50:59,767 - INFO - program is working as expected.
 2023-10-05 17:50:59,769 - INFO - program is working as expected.
 2023-10-05 17:50:59,769 - INFO - program is working as expected.
 2023-10-05 17:50:59,769 - INFO - program is working as expected.
 2023-10-05 17:50:59,769 - INFO - program is working as expected.
 2023-10-05 17:50:59,769 - INFO - program is working as expected.
 2023-10-05 17:50:59,769 - INFO - program is working as expected.
 2023-10-05 17:50:59,769 - INFO - program is working as expected.
 2023-10-05 17:50:59,769 - INFO - program is working as expected.
 2023-10-05 17:50:59,769 - INFO - program is working as expected.
 2023-10-05 17:50:59,769 - INFO - program is working as expected.
 2023-10-05 17:50:59,769 - INFO - program is working as expected.
 2023-10-05 17:50:59,769 - INFO - program is working as expected.
 2023-10-05 17:50:59,769 - INFO - program is working as expected.
 2023-10-05 17:50:59,769 - INFO - program is working as expected.
 2023-10-05 17:51:01,239 - INFO - program is working as expected.
 2023-10-05 17:51:01,452 - INFO - program is working as expected.
 2023-10-05 17:51:02,187 - INFO - program is working as expected.
 2023-10-05 17:51:02,404 - INFO - program is working as expected.
 2023-10-05 17:51:02,807 - INFO - program is working as expected.
 2023-10-05 17:51:02,964 - INFO - program is working as expected.
 2023-10-05 17:51:03,149 - INFO - program is working as expected.
 2023-10-05 17:51:03,634 - INFO - program is working as expected.
 2023-10-05 17:51:03,891 - INFO - program is working as expected.
 2023-10-05 17:51:04,542 - INFO - program is working as expected.
 2023-10-05 17:51:04,664 - INFO - program is working as expected.
 2023-10-05 17:51:06,050 - INFO - program is working as expected.
 2023-10-05 17:51:06,066 - INFO - program is working as expected.
 2023-10-05 17:51:07,675 - INFO - program is working as expected.
 2023-10-05 17:51:07,957 - INFO - program is working as expected.
 2023-10-05 17:51:08,228 - INFO - program is working as expected.
 2023-10-05 17:51:08,628 - INFO - program is working as expected.
 2023-10-05 17:51:10,783 - INFO - program is working as expected.
 2023-10-05 17:51:10,783 - INFO - program is working as expected.
 2023-10-05 17:51:10,815 - INFO - program is working as expected.
 2023-10-05 17:51:11,260 - INFO - program is working as expected.
 2023-10-05 17:51:11,507 - INFO - program is working as expected.
 2023-10-05 17:51:11,679 - INFO - program is working as expected.
 2023-10-05 17:51:11,791 - INFO - program is working as expected.
 2023-10-05 17:51:11,794 - INFO - program is working as expected.
 2023-10-05 17:51:12,176 - INFO - program is working as expected.
 2023-10-05 17:51:12,469 - INFO - program is working as expected.
 2023-10-05 17:51:12,801 - INFO - program is working as expected.
 2023-10-05 17:51:13,270 - INFO - program is working as expected.
 2023-10-05 17:51:13,631 - INFO - program is working as expected.
 2023-10-05 17:51:13,681 - INFO - program is working as expected.
 2023-10-05 17:51:13,691 - INFO - program is working as expected.
 2023-10-05 17:51:13,697 - INFO - program is working as expected.
 2023-10-05 17:51:13,718 - INFO - program is working as expected.
 2023-10-05 17:51:13,900 - INFO - program is working as expected.
 2023-10-05 17:51:14,183 - INFO - program is working as expected.
 2023-10-05 17:51:14,455 - INFO - program is working as expected.
 2023-10-05 17:51:14,564 - INFO - program is working as expected.
 2023-10-05 17:51:14,634 - INFO - program is working as expected.
 2023-10-05 17:51:14,717 - INFO - program is working as expected.
 2023-10-05 17:51:14,720 - INFO - program is working as expected.
 2023-10-05 17:51:14,722 - INFO - program is working as expected.
 2023-10-05 17:51:14,786 - INFO - program is working as expected.
 2023-10-05 17:51:14,814 - INFO - program is working as expected.
 2023-10-05 17:51:14,832 - INFO - program is working as expected.
 2023-10-05 17:51:14,832 - INFO - program is working as expected.
 2023-10-05 17:51:14,832 - INFO - program is working as expected.
 2023-10-05 17:51:14,850 - INFO - program is working as expected.
 2023-10-05 17:51:14,879 - INFO - program is working as expected.
 2023-10-05 17:51:14,883 - INFO - program is working as expected.
 2023-10-05 17:51:14,903 - INFO - program is working as expected.
 2023-10-05 17:51:14,916 - INFO - program is working as expected.
 2023-10-05 17:51:14,948 - INFO - program is working as expected.
 2023-10-05 17:51:14,963 - INFO - program is working as expected.
 2023-10-05 17:51:14,965 - INFO - program is working as expected.
 2023-10-05 17:51:14,965 - INFO - program is working as expected.
 2023-10-05 17:51:14,966 - INFO - program is working as expected.
 2023-10-05 17:51:14,966 - INFO - program is working as expected.
 2023-10-05 17:51:14,966 - INFO - program is working as expected.
 2023-10-05 17:51:14,966 - INFO - program is working as expected.
 2023-10-05 17:51:14,966 - INFO - program is working as expected.
 2023-10-05 17:51:14,966 - INFO - program is working as expected.
 2023-10-05 17:51:14,966 - INFO - program is working as expected.
 2023-10-05 17:51:14,966 - INFO - program is working as expected.
 2023-10-05 17:51:14,966 - INFO - program is working as expected.
 2023-10-05 17:51:14,966 - INFO - program is working as expected.
 2023-10-05 17:51:14,966 - INFO - program is working as expected.
 2023-10-05 17:51:14,966 - INFO - program is working as expected.
 2023-10-05 17:51:14,966 - INFO - program is working as expected.
 2023-10-05 17:51:14,966 - INFO - program is working as expected.
 2023-10-05 17:51:14,966 - INFO - program is working as expected.
 2023-10-05 17:51:14,966 - INFO - program is working as expected.
 2023-10-05 17:51:14,966 - INFO - program is working as expected.
 2023-10-05 17:51:14,966 - INFO - program is working as expected.
 2023-10-05 17:51:14,966 - INFO - program is working as expected.
 2023-10-05 17:51:14,966 - INFO - program is working as expected.
 2023-10-05 17:51:14,979 - INFO - program is working as expected.
 2023-10-05 17:51:14,979 - INFO - program is working as expected.
 2023-10-05 17:51:14,980 - INFO - program is working as expected.
 2023-10-05 17:51:14,981 - INFO - program is working as expected.
 2023-10-05 17:51:14,981 - INFO - program is working as expected.
 2023-10-05 17:51:14,982 - INFO - program is working as expected.
 2023-10-05 17:51:14,996 - INFO - program is working as expected.
 2023-10-05 17:51:14,999 - INFO - program is working as expected.
 2023-10-05 17:51:15,000 - INFO - program is working as expected.
 2023-10-05 17:51:15,000 - INFO - program is working as expected.
 2023-10-05 17:51:15,000 - INFO - program is working as expected.
 2023-10-05 17:51:15,000 - INFO - program is working as expected.
 2023-10-05 17:51:15,000 - INFO - program is working as expected.
 2023-10-05 17:51:15,000 - INFO - program is working as expected.
 2023-10-05 17:51:15,000 - INFO - program is working as expected.
 2023-10-05 17:51:15,013 - INFO - program is working as expected.
 2023-10-05 17:51:15,015 - INFO - program is working as expected.
 2023-10-05 17:51:15,017 - INFO - program is working as expected.
 2023-10-05 17:51:15,018 - INFO - program is working as expected.
 2023-10-05 17:51:15,019 - INFO - program is working as expected.
 2023-10-05 17:51:15,020 - INFO - program is working as expected.
 2023-10-05 17:51:15,021 - INFO - program is working as expected.
 2023-10-05 17:51:15,023 - INFO - program is working as expected.
 2023-10-05 17:51:15,024 - INFO - program is working as expected.
 2023-10-05 17:51:15,024 - INFO - program is working as expected.
 2023-10-05 17:51:15,024 - INFO - program is working as expected.
 2023-10-05 17:51:15,031 - INFO - program is working as expected.
 2023-10-05 17:51:15,033 - INFO - program is working as expected.
 2023-10-05 17:51:15,033 - INFO - program is working as expected.
 2023-10-05 17:51:15,033 - INFO - program is working as expected.
 2023-10-05 17:51:15,033 - INFO - program is working as expected.
 2023-10-05 17:51:15,033 - INFO - program is working as expected.
 2023-10-05 17:51:15,051 - INFO - program is working as expected.
 2023-10-05 17:51:15,051 - INFO - program is working as expected.
 2023-10-05 17:51:15,147 - INFO - program is working as expected.
 2023-10-05 17:51:15,147 - INFO - program is working as expected.
 2023-10-05 17:51:15,147 - INFO - program is working as expected.
 2023-10-05 17:51:15,147 - INFO - program is working as expected.
 2023-10-05 17:51:15,163 - INFO - program is working as expected.
 2023-10-05 17:51:15,165 - INFO - program is working as expected.
 2023-10-05 17:51:15,167 - INFO - program is working as expected.
 2023-10-05 17:51:15,167 - INFO - program is working as expected.
 2023-10-05 17:51:15,167 - INFO - program is working as expected.
 2023-10-05 17:51:15,167 - INFO - program is working as expected.
 2023-10-05 17:51:15,167 - INFO - program is working as expected.
 2023-10-05 17:51:15,167 - INFO - program is working as expected.
 2023-10-05 17:51:15,167 - INFO - program is working as expected.
 2023-10-05 17:51:15,167 - INFO - program is working as expected.
 2023-10-05 17:51:15,180 - INFO - program is working as expected.
 2023-10-05 17:51:15,181 - INFO - program is working as expected.
 2023-10-05 17:51:15,814 - INFO - program is working as expected.
 2023-10-05 17:51:16,013 - INFO - program is working as expected.
 2023-10-05 17:51:16,113 - INFO - program is working as expected.
 2023-10-05 17:51:16,314 - INFO - program is working as expected.
 2023-10-05 17:51:16,647 - INFO - program is working as expected.
 2023-10-05 17:51:17,323 - INFO - program is working as expected.
 2023-10-05 17:51:17,584 - INFO - program is working as expected.
 2023-10-05 17:51:17,804 - INFO - program is working as expected.
 2023-10-05 17:51:17,969 - INFO - program is working as expected.
 2023-10-05 17:51:18,848 - INFO - program is working as expected.
 2023-10-05 17:51:19,080 - INFO - program is working as expected.
 2023-10-05 17:51:21,089 - INFO - program is working as expected.
 2023-10-05 17:51:21,399 - INFO - program is working as expected.
 2023-10-05 17:51:22,153 - INFO - program is working as expected.
 2023-10-05 17:51:22,264 - INFO - program is working as expected.
 2023-10-05 17:51:22,479 - INFO - program is working as expected.
 2023-10-05 17:51:23,044 - INFO - program is working as expected.
 2023-10-05 17:51:23,163 - INFO - program is working as expected.
 2023-10-05 17:51:24,518 - INFO - program is working as expected.
 2023-10-05 17:51:24,812 - INFO - program is working as expected.
 2023-10-05 17:51:25,087 - INFO - program is working as expected.
 2023-10-05 17:51:25,398 - INFO - program is working as expected.
 2023-10-05 17:51:26,204 - INFO - program is working as expected.
 2023-10-05 17:51:26,768 - INFO - program is working as expected.
 2023-10-05 17:51:27,010 - INFO - program is working as expected.
 2023-10-05 17:51:27,062 - INFO - program is working as expected.
 2023-10-05 17:51:28,615 - INFO - program is working as expected.
 2023-10-05 17:51:28,979 - INFO - program is working as expected.
 2023-10-05 17:51:29,172 - ERROR - The program encountered an error
 2023-10-05 17:51:29,172 - WARNING - Warning, the program may not function properly
 2023-10-05 17:51:29,401 - INFO - tearing down on exception 
 2023-10-05 17:51:29,462 - INFO - [31m[1mWARNING: This is a development server. Do not use it in a production deployment. Use a production WSGI server instead.[0m
 * Running on all addresses (0.0.0.0)
 * Running on http://127.0.0.1:50100
 * Running on http://192.168.29.57:50100
 2023-10-05 17:51:29,462 - INFO - [33mPress CTRL+C to quit[0m
 2023-10-05 17:51:29,462 - INFO -  * Restarting with stat
